<?xml version="1.0" encoding="UTF-8"?>
<!-- Generated by org.testng.reporters.JUnitReportReporter -->
<testsuite name="runners.runnerTestNG" tests="1" time="197.223" ignored="0" failures="0" timestamp="24 Jan 2021 16:50:52 GMT" skipped="0" hostname="LHTU0CND80867LW" errors="0">
  <testcase name="feature" time="197.223" classname="runners.runnerTestNG"/>
</testsuite> <!-- runners.runnerTestNG -->
