<?xml version="1.0" encoding="UTF-8"?>
<!-- Generated by org.testng.reporters.JUnitReportReporter -->
<testsuite name="runners.runner" tests="1" time="0.013" ignored="0" failures="0" timestamp="21 Jan 2021 15:12:11 GMT" skipped="0" hostname="LHTU0CND80867LW" errors="0">
  <testcase name="testrunner" time="0.013" classname="runners.runner"/>
</testsuite> <!-- runners.runner -->
